<?xml version="1.0" encoding="UTF-8"?>
<!-- Generated by org.testng.reporters.JUnitXMLReporter -->
<testsuite hostname="DESKTOP-UAUEBQL" name="Homepage navigation" tests="2" failures="2" timestamp="18 Oct 2020 11:04:13 GMT" time="10.525" errors="0">
  <testcase name="feature" time="9.852" classname="cucumberOptions.TestRunner">
    <failure type="cucumber.runtime.CucumberException" message="java.lang.AssertionError: expected [Ultimate Guides] but found [Ultimate Guidess]">
      <![CDATA[cucumber.runtime.CucumberException: java.lang.AssertionError: expected [Ultimate Guides] but found [Ultimate Guidess]
	at cucumber.api.testng.TestNGCucumberRunner.runCucumber(TestNGCucumberRunner.java:69)
	at cucumber.api.testng.AbstractTestNGCucumberTests.feature(AbstractTestNGCucumberTests.java:21)
	at java.util.concurrent.FutureTask.run(Unknown Source)
	at java.util.concurrent.ThreadPoolExecutor.runWorker(Unknown Source)
	at java.util.concurrent.ThreadPoolExecutor$Worker.run(Unknown Source)
	at java.lang.Thread.run(Unknown Source)
Caused by: java.lang.AssertionError: expected [Ultimate Guides] but found [Ultimate Guidess]
	at stepDefinitions.StepDefinition.the_page_title_should_be_correct(StepDefinition.java:57)
	at âœ½.Then The Ultimate Guides page title should be correct(homepage.feature:8)
... Removed 21 stack frames]]>
    </failure>
  </testcase> <!-- feature -->
  <testcase name="feature" time="9.988" classname="cucumberOptions.TestRunner">
    <failure type="java.lang.NullPointerException">
      <![CDATA[java.lang.NullPointerException
	at Resources.base.getScreenShotPath(base.java:69)
	at ScoutMaven.Listeners.onTestFailure(Listeners.java:49)
	at java.util.concurrent.FutureTask.run(Unknown Source)
	at java.util.concurrent.ThreadPoolExecutor.runWorker(Unknown Source)
	at java.util.concurrent.ThreadPoolExecutor$Worker.run(Unknown Source)
	at java.lang.Thread.run(Unknown Source)
... Removed 13 stack frames]]>
    </failure>
  </testcase> <!-- feature -->
</testsuite> <!-- Homepage navigation -->
